[debug] [2022-06-21T02:13:25.189Z] ----------------------------------------------------------------------
[debug] [2022-06-21T02:13:25.192Z] Command:       C:\Program Files\nodejs\node.exe C:\Users\agrim\AppData\Roaming\npm\node_modules\firebase-tools\lib\bin\firebase.js init
[debug] [2022-06-21T02:13:25.193Z] CLI Version:   11.1.0
[debug] [2022-06-21T02:13:25.193Z] Platform:      win32
[debug] [2022-06-21T02:13:25.193Z] Node Version:  v16.15.1
[debug] [2022-06-21T02:13:25.194Z] Time:          Tue Jun 21 2022 07:43:25 GMT+0530 (India Standard Time)
[debug] [2022-06-21T02:13:25.195Z] ----------------------------------------------------------------------
[debug] 
[debug] [2022-06-21T02:13:25.206Z] > command requires scopes: ["email","openid","https://www.googleapis.com/auth/cloudplatformprojects.readonly","https://www.googleapis.com/auth/firebase","https://www.googleapis.com/auth/cloud-platform"]
[debug] [2022-06-21T02:13:25.207Z] > authorizing via signed-in user (ansh1312saxena@gmail.com)
[info] 
     ######## #### ########  ######## ########     ###     ######  ########
     ##        ##  ##     ## ##       ##     ##  ##   ##  ##       ##
     ######    ##  ########  ######   ########  #########  ######  ######
     ##        ##  ##    ##  ##       ##     ## ##     ##       ## ##
     ##       #### ##     ## ######## ########  ##     ##  ######  ########

You're about to initialize a Firebase project in this directory:

  C:\Code Playground\Netflix Clone\netflix-clone\public

Before we get started, keep in mind:

  * You are currently outside your home directory

